<?xml version="1.0" encoding="UTF-8"?>
<!-- Generated by org.testng.reporters.JUnitXMLReporter -->
<testsuite ignored="0" hostname="LAPTOP-JCK5A7JI" failures="0" tests="4" name="Home Page Test" time="36.17" errors="0" timestamp="2024-09-22T17:40:32 IST">
  <testcase classname="com.qa.testcases.EnterProductDataPageTest" name="motorCycle_productData_Pagetest" time="20.661"/>
  <testcase classname="com.qa.testcases.EnterProductDataPageTest" name="truck_productData_Pagetest" time="23.327"/>
  <testcase classname="com.qa.testcases.EnterProductDataPageTest" name="automobile_productData_Pagetest" time="22.827"/>
  <testcase classname="com.qa.testcases.EnterProductDataPageTest" name="camper_productData_Pagetest" time="25.921"/>
</testsuite> <!-- Home Page Test -->
