<?xml version="1.0" encoding="UTF-8"?>
<testsuite xmlns:xsi="http://www.w3.org/2001/XMLSchema-instance" xsi:noNamespaceSchemaLocation="https://maven.apache.org/surefire/maven-surefire-plugin/xsd/surefire-test-report.xsd" version="3.0.2" name="TestSuite" time="28.045" tests="3" errors="0" skipped="0" failures="3">
  <properties>
[...]
</properties>
  <testcase name="insuranceCalculate[{Vehicle_List Price=888, Product_startdate=12-12-2020, PriceValidation_Gold=238.00, TC No=1, Vehicle_Annual Mileage=100, Product_insurancesum= 5.000.000,00, Vehicle_Date of Manufacture=09/04/2019, Insurant_Hobby=speeding,Other, SelectOption=Silver, PriceValidation_Ultimate=2,621.00, PriceValidation_Silver=701.00, Vehicle_Make=Honda, Insurant_occupation=Farmer, Vehicle_No of Seats_motorcycle=2, Insurant_LastName=ch, Product_OptionalProducts=Euro Protection, Vehicle_Enging Performance=666, Insurant_ImageFilePath=??, Vehicle_Model=Motorcycle, Insurant_country=India, Insurant_zipcode=444061, Product_damageinsurance=Partial Coverage, TC Name=Verify Insurance Premium for Honda MotorCycle, Vehicle_CylinderCapacity=333, PriceValidation_Platinum=1,376.00, Insurant_FirstName=Prakash, Insurant_birthdate=12/12/1989, Insurant_gender=Male}](1)" classname="com.qa.testcases.EndToEndTest" time="2.826">
    <failure message="Keys to send should be a not null CharSequence" type="java.lang.IllegalArgumentException"><![CDATA[java.lang.IllegalArgumentException: Keys to send should be a not null CharSequence
	at org.openqa.selenium.remote.RemoteWebElement.sendKeys(RemoteWebElement.java:97)
	at java.base/jdk.internal.reflect.NativeMethodAccessorImpl.invoke0(Native Method)
	at java.base/jdk.internal.reflect.NativeMethodAccessorImpl.invoke(NativeMethodAccessorImpl.java:77)
	at java.base/jdk.internal.reflect.DelegatingMethodAccessorImpl.invoke(DelegatingMethodAccessorImpl.java:43)
	at java.base/java.lang.reflect.Method.invoke(Method.java:568)
	at org.openqa.selenium.support.pagefactory.internal.LocatingElementHandler.invoke(LocatingElementHandler.java:51)
	at jdk.proxy2/jdk.proxy2.$Proxy11.sendKeys(Unknown Source)
	at com.qa.pages.EnterInsuranceDataPage.enterInsurancedata(EnterInsuranceDataPage.java:70)
	at com.qa.testcases.EndToEndTest.insuranceCalculate(EndToEndTest.java:66)
	at java.base/jdk.internal.reflect.NativeMethodAccessorImpl.invoke0(Native Method)
	at java.base/jdk.internal.reflect.NativeMethodAccessorImpl.invoke(NativeMethodAccessorImpl.java:77)
	at java.base/jdk.internal.reflect.DelegatingMethodAccessorImpl.invoke(DelegatingMethodAccessorImpl.java:43)
	at java.base/java.lang.reflect.Method.invoke(Method.java:568)
	at org.testng.internal.MethodInvocationHelper.invokeMethod(MethodInvocationHelper.java:108)
	at org.testng.internal.Invoker.invokeMethod(Invoker.java:661)
	at org.testng.internal.Invoker.invokeTestMethod(Invoker.java:869)
	at org.testng.internal.Invoker.invokeTestMethods(Invoker.java:1193)
	at org.testng.internal.TestMethodWorker.invokeTestMethods(TestMethodWorker.java:126)
	at org.testng.internal.TestMethodWorker.run(TestMethodWorker.java:109)
	at org.testng.TestRunner.privateRun(TestRunner.java:744)
	at org.testng.TestRunner.run(TestRunner.java:602)
	at org.testng.SuiteRunner.runTest(SuiteRunner.java:380)
	at org.testng.SuiteRunner.runSequentially(SuiteRunner.java:375)
	at org.testng.SuiteRunner.privateRun(SuiteRunner.java:340)
	at org.testng.SuiteRunner.run(SuiteRunner.java:289)
	at org.testng.SuiteRunnerWorker.runSuite(SuiteRunnerWorker.java:52)
	at org.testng.SuiteRunnerWorker.run(SuiteRunnerWorker.java:86)
	at org.testng.TestNG.runSuitesSequentially(TestNG.java:1301)
	at org.testng.TestNG.runSuitesLocally(TestNG.java:1226)
	at org.testng.TestNG.runSuites(TestNG.java:1144)
	at org.testng.TestNG.run(TestNG.java:1115)
	at org.apache.maven.surefire.testng.TestNGExecutor.run(TestNGExecutor.java:308)
	at org.apache.maven.surefire.testng.TestNGXmlTestSuite.execute(TestNGXmlTestSuite.java:71)
	at org.apache.maven.surefire.testng.TestNGProvider.invoke(TestNGProvider.java:113)
	at org.apache.maven.surefire.booter.ForkedBooter.runSuitesInProcess(ForkedBooter.java:385)
	at org.apache.maven.surefire.booter.ForkedBooter.execute(ForkedBooter.java:162)
	at org.apache.maven.surefire.booter.ForkedBooter.run(ForkedBooter.java:507)
	at org.apache.maven.surefire.booter.ForkedBooter.main(ForkedBooter.java:495)
]]></failure>
    <system-out><![CDATA[[TestNGContentHandler] [WARN] It is strongly recommended to add "<!DOCTYPE suite SYSTEM "http://testng.org/testng-1.0.dtd" >" at the top of your file, otherwise TestNG may fail or not work as expected.
2024-08-26T08:27:42.023950500Z main ERROR Log4j2 could not find a logging implementation. Please add log4j-core to the classpath. Using SimpleLogger to log to the console...
Test Data is: {Vehicle_List Price=888, Product_startdate=12-12-2020, PriceValidation_Gold=238.00, TC No=1, Vehicle_Annual Mileage=100, Product_insurancesum= 5.000.000,00, Vehicle_Date of Manufacture=09/04/2019, Insurant_Hobby=speeding,Other, SelectOption=Silver, PriceValidation_Ultimate=2,621.00, PriceValidation_Silver=701.00, Vehicle_Make=Honda, Insurant_occupation=Farmer, Vehicle_No of Seats_motorcycle=2, Insurant_LastName=ch, Product_OptionalProducts=Euro Protection, Vehicle_Enging Performance=666, Insurant_ImageFilePath=??, Vehicle_Model=Motorcycle, Insurant_country=India, Insurant_zipcode=444061, Product_damageinsurance=Partial Coverage, TC Name=Verify Insurance Premium for Honda MotorCycle, Vehicle_CylinderCapacity=333, PriceValidation_Platinum=1,376.00, Insurant_FirstName=Prakash, Insurant_birthdate=12/12/1989, Insurant_gender=Male}
]]></system-out>
    <system-err><![CDATA[Starting ChromeDriver 127.0.6533.72 (9755e24ca85aa18ffa16c743f660a3d914902775-refs/branch-heads/6533@{#1760}) on port 36848
Only local connections are allowed.
Please see https://chromedriver.chromium.org/security-considerations for suggestions on keeping ChromeDriver safe.
ChromeDriver was started successfully.
Aug 26, 2024 1:57:44 PM org.openqa.selenium.remote.ProtocolHandshake createSession
INFO: Detected dialect: W3C
]]></system-err>
  </testcase>
  <testcase name="insuranceCalculate[{Vehicle_List Price=888, Product_startdate=12/12/2025, PriceValidation_Gold=238.00, TC No=2, Vehicle_Annual Mileage=100, Product_insurancesum= 20.000.000,00, Vehicle_Date of Manufacture=09/04/2001, Insurant_Hobby=speeding,Other, SelectOption=Gold, PriceValidation_Ultimate=2,626.00, PriceValidation_Silver=702.00, Vehicle_Make=Volvo, Insurant_occupation=Farmer, Vehicle_No of Seats_motorcycle=2, Insurant_LastName=sf, Product_OptionalProducts=Euro Protection, Vehicle_Enging Performance=900, Insurant_ImageFilePath=??, Vehicle_Model=Scooter, Insurant_country=Sweden, Insurant_zipcode=444061, Product_damageinsurance=Partial Coverage, TC Name=Verify Insurance Premium for Volvo Scooter, Vehicle_CylinderCapacity=900, PriceValidation_Platinum=1,379.00, Insurant_FirstName=Seema, Insurant_birthdate=12/12/1977, Insurant_gender=Female}](2)" classname="com.qa.testcases.EndToEndTest" time="2.664">
    <failure message="Keys to send should be a not null CharSequence" type="java.lang.IllegalArgumentException"><![CDATA[java.lang.IllegalArgumentException: Keys to send should be a not null CharSequence
	at org.openqa.selenium.remote.RemoteWebElement.sendKeys(RemoteWebElement.java:97)
	at jdk.internal.reflect.GeneratedMethodAccessor1.invoke(Unknown Source)
	at java.base/jdk.internal.reflect.DelegatingMethodAccessorImpl.invoke(DelegatingMethodAccessorImpl.java:43)
	at java.base/java.lang.reflect.Method.invoke(Method.java:568)
	at org.openqa.selenium.support.pagefactory.internal.LocatingElementHandler.invoke(LocatingElementHandler.java:51)
	at jdk.proxy2/jdk.proxy2.$Proxy11.sendKeys(Unknown Source)
	at com.qa.pages.EnterInsuranceDataPage.enterInsurancedata(EnterInsuranceDataPage.java:70)
	at com.qa.testcases.EndToEndTest.insuranceCalculate(EndToEndTest.java:66)
	at java.base/jdk.internal.reflect.NativeMethodAccessorImpl.invoke0(Native Method)
	at java.base/jdk.internal.reflect.NativeMethodAccessorImpl.invoke(NativeMethodAccessorImpl.java:77)
	at java.base/jdk.internal.reflect.DelegatingMethodAccessorImpl.invoke(DelegatingMethodAccessorImpl.java:43)
	at java.base/java.lang.reflect.Method.invoke(Method.java:568)
	at org.testng.internal.MethodInvocationHelper.invokeMethod(MethodInvocationHelper.java:108)
	at org.testng.internal.Invoker.invokeMethod(Invoker.java:661)
	at org.testng.internal.Invoker.invokeTestMethod(Invoker.java:869)
	at org.testng.internal.Invoker.invokeTestMethods(Invoker.java:1193)
	at org.testng.internal.TestMethodWorker.invokeTestMethods(TestMethodWorker.java:126)
	at org.testng.internal.TestMethodWorker.run(TestMethodWorker.java:109)
	at org.testng.TestRunner.privateRun(TestRunner.java:744)
	at org.testng.TestRunner.run(TestRunner.java:602)
	at org.testng.SuiteRunner.runTest(SuiteRunner.java:380)
	at org.testng.SuiteRunner.runSequentially(SuiteRunner.java:375)
	at org.testng.SuiteRunner.privateRun(SuiteRunner.java:340)
	at org.testng.SuiteRunner.run(SuiteRunner.java:289)
	at org.testng.SuiteRunnerWorker.runSuite(SuiteRunnerWorker.java:52)
	at org.testng.SuiteRunnerWorker.run(SuiteRunnerWorker.java:86)
	at org.testng.TestNG.runSuitesSequentially(TestNG.java:1301)
	at org.testng.TestNG.runSuitesLocally(TestNG.java:1226)
	at org.testng.TestNG.runSuites(TestNG.java:1144)
	at org.testng.TestNG.run(TestNG.java:1115)
	at org.apache.maven.surefire.testng.TestNGExecutor.run(TestNGExecutor.java:308)
	at org.apache.maven.surefire.testng.TestNGXmlTestSuite.execute(TestNGXmlTestSuite.java:71)
	at org.apache.maven.surefire.testng.TestNGProvider.invoke(TestNGProvider.java:113)
	at org.apache.maven.surefire.booter.ForkedBooter.runSuitesInProcess(ForkedBooter.java:385)
	at org.apache.maven.surefire.booter.ForkedBooter.execute(ForkedBooter.java:162)
	at org.apache.maven.surefire.booter.ForkedBooter.run(ForkedBooter.java:507)
	at org.apache.maven.surefire.booter.ForkedBooter.main(ForkedBooter.java:495)
]]></failure>
    <system-out><![CDATA[Test Data is: {Vehicle_List Price=888, Product_startdate=12/12/2025, PriceValidation_Gold=238.00, TC No=2, Vehicle_Annual Mileage=100, Product_insurancesum= 20.000.000,00, Vehicle_Date of Manufacture=09/04/2001, Insurant_Hobby=speeding,Other, SelectOption=Gold, PriceValidation_Ultimate=2,626.00, PriceValidation_Silver=702.00, Vehicle_Make=Volvo, Insurant_occupation=Farmer, Vehicle_No of Seats_motorcycle=2, Insurant_LastName=sf, Product_OptionalProducts=Euro Protection, Vehicle_Enging Performance=900, Insurant_ImageFilePath=??, Vehicle_Model=Scooter, Insurant_country=Sweden, Insurant_zipcode=444061, Product_damageinsurance=Partial Coverage, TC Name=Verify Insurance Premium for Volvo Scooter, Vehicle_CylinderCapacity=900, PriceValidation_Platinum=1,379.00, Insurant_FirstName=Seema, Insurant_birthdate=12/12/1977, Insurant_gender=Female}
]]></system-out>
    <system-err><![CDATA[Starting ChromeDriver 127.0.6533.72 (9755e24ca85aa18ffa16c743f660a3d914902775-refs/branch-heads/6533@{#1760}) on port 16642
Only local connections are allowed.
Please see https://chromedriver.chromium.org/security-considerations for suggestions on keeping ChromeDriver safe.
ChromeDriver was started successfully.
Aug 26, 2024 1:57:54 PM org.openqa.selenium.remote.ProtocolHandshake createSession
INFO: Detected dialect: W3C
]]></system-err>
  </testcase>
  <testcase name="insuranceCalculate[{Vehicle_List Price=1000, Product_startdate=12/12/2025, PriceValidation_Gold=87.00, TC No=3, Vehicle_Annual Mileage=100, Product_insurancesum= 3.000.000,00, Vehicle_Date of Manufacture=09/04/1989, Insurant_Hobby=speeding,Other, SelectOption=Ultimate, PriceValidation_Ultimate=967.00, PriceValidation_Silver=258.00, Vehicle_Make=Ford, Insurant_occupation=Farmer, Vehicle_No of Seats_motorcycle=2, Insurant_LastName=dg, Product_OptionalProducts=Euro Protection, Vehicle_Enging Performance=100, Insurant_ImageFilePath=??, Vehicle_Model=Moped, Insurant_country=Sweden, Insurant_zipcode=444061, Product_damageinsurance=Partial Coverage, TC Name=Verify Insurance Premium for Ford Moped, Vehicle_CylinderCapacity=100, PriceValidation_Platinum=507.00, Insurant_FirstName=Savali, Insurant_birthdate=12/12/1956, Insurant_gender=Female}](3)" classname="com.qa.testcases.EndToEndTest" time="2.752">
    <failure message="Keys to send should be a not null CharSequence" type="java.lang.IllegalArgumentException"><![CDATA[java.lang.IllegalArgumentException: Keys to send should be a not null CharSequence
	at org.openqa.selenium.remote.RemoteWebElement.sendKeys(RemoteWebElement.java:97)
	at jdk.internal.reflect.GeneratedMethodAccessor1.invoke(Unknown Source)
	at java.base/jdk.internal.reflect.DelegatingMethodAccessorImpl.invoke(DelegatingMethodAccessorImpl.java:43)
	at java.base/java.lang.reflect.Method.invoke(Method.java:568)
	at org.openqa.selenium.support.pagefactory.internal.LocatingElementHandler.invoke(LocatingElementHandler.java:51)
	at jdk.proxy2/jdk.proxy2.$Proxy11.sendKeys(Unknown Source)
	at com.qa.pages.EnterInsuranceDataPage.enterInsurancedata(EnterInsuranceDataPage.java:70)
	at com.qa.testcases.EndToEndTest.insuranceCalculate(EndToEndTest.java:66)
	at java.base/jdk.internal.reflect.NativeMethodAccessorImpl.invoke0(Native Method)
	at java.base/jdk.internal.reflect.NativeMethodAccessorImpl.invoke(NativeMethodAccessorImpl.java:77)
	at java.base/jdk.internal.reflect.DelegatingMethodAccessorImpl.invoke(DelegatingMethodAccessorImpl.java:43)
	at java.base/java.lang.reflect.Method.invoke(Method.java:568)
	at org.testng.internal.MethodInvocationHelper.invokeMethod(MethodInvocationHelper.java:108)
	at org.testng.internal.Invoker.invokeMethod(Invoker.java:661)
	at org.testng.internal.Invoker.invokeTestMethod(Invoker.java:869)
	at org.testng.internal.Invoker.invokeTestMethods(Invoker.java:1193)
	at org.testng.internal.TestMethodWorker.invokeTestMethods(TestMethodWorker.java:126)
	at org.testng.internal.TestMethodWorker.run(TestMethodWorker.java:109)
	at org.testng.TestRunner.privateRun(TestRunner.java:744)
	at org.testng.TestRunner.run(TestRunner.java:602)
	at org.testng.SuiteRunner.runTest(SuiteRunner.java:380)
	at org.testng.SuiteRunner.runSequentially(SuiteRunner.java:375)
	at org.testng.SuiteRunner.privateRun(SuiteRunner.java:340)
	at org.testng.SuiteRunner.run(SuiteRunner.java:289)
	at org.testng.SuiteRunnerWorker.runSuite(SuiteRunnerWorker.java:52)
	at org.testng.SuiteRunnerWorker.run(SuiteRunnerWorker.java:86)
	at org.testng.TestNG.runSuitesSequentially(TestNG.java:1301)
	at org.testng.TestNG.runSuitesLocally(TestNG.java:1226)
	at org.testng.TestNG.runSuites(TestNG.java:1144)
	at org.testng.TestNG.run(TestNG.java:1115)
	at org.apache.maven.surefire.testng.TestNGExecutor.run(TestNGExecutor.java:308)
	at org.apache.maven.surefire.testng.TestNGXmlTestSuite.execute(TestNGXmlTestSuite.java:71)
	at org.apache.maven.surefire.testng.TestNGProvider.invoke(TestNGProvider.java:113)
	at org.apache.maven.surefire.booter.ForkedBooter.runSuitesInProcess(ForkedBooter.java:385)
	at org.apache.maven.surefire.booter.ForkedBooter.execute(ForkedBooter.java:162)
	at org.apache.maven.surefire.booter.ForkedBooter.run(ForkedBooter.java:507)
	at org.apache.maven.surefire.booter.ForkedBooter.main(ForkedBooter.java:495)
]]></failure>
    <system-out><![CDATA[Test Data is: {Vehicle_List Price=1000, Product_startdate=12/12/2025, PriceValidation_Gold=87.00, TC No=3, Vehicle_Annual Mileage=100, Product_insurancesum= 3.000.000,00, Vehicle_Date of Manufacture=09/04/1989, Insurant_Hobby=speeding,Other, SelectOption=Ultimate, PriceValidation_Ultimate=967.00, PriceValidation_Silver=258.00, Vehicle_Make=Ford, Insurant_occupation=Farmer, Vehicle_No of Seats_motorcycle=2, Insurant_LastName=dg, Product_OptionalProducts=Euro Protection, Vehicle_Enging Performance=100, Insurant_ImageFilePath=??, Vehicle_Model=Moped, Insurant_country=Sweden, Insurant_zipcode=444061, Product_damageinsurance=Partial Coverage, TC Name=Verify Insurance Premium for Ford Moped, Vehicle_CylinderCapacity=100, PriceValidation_Platinum=507.00, Insurant_FirstName=Savali, Insurant_birthdate=12/12/1956, Insurant_gender=Female}
]]></system-out>
    <system-err><![CDATA[Starting ChromeDriver 127.0.6533.72 (9755e24ca85aa18ffa16c743f660a3d914902775-refs/branch-heads/6533@{#1760}) on port 8441
Only local connections are allowed.
Please see https://chromedriver.chromium.org/security-considerations for suggestions on keeping ChromeDriver safe.
ChromeDriver was started successfully.
Aug 26, 2024 1:58:01 PM org.openqa.selenium.remote.ProtocolHandshake createSession
INFO: Detected dialect: W3C
]]></system-err>
  </testcase>
</testsuite>