<?xml version="1.0" encoding="UTF-8"?>
<!-- Generated by org.testng.reporters.JUnitXMLReporter -->
<testsuite ignored="0" hostname="LAPTOP-JCK5A7JI" failures="3" tests="3" name="Home Page Test" time="26.972" errors="0" timestamp="26 Aug 2024 08:28:08 GMT">
  <testcase classname="com.qa.testcases.EndToEndTest" name="insuranceCalculate" time="2.826">
    <failure type="java.lang.IllegalArgumentException" message="Keys to send should be a not null CharSequence">
      <![CDATA[java.lang.IllegalArgumentException: Keys to send should be a not null CharSequence
	at org.openqa.selenium.remote.RemoteWebElement.sendKeys(RemoteWebElement.java:97)
	at org.openqa.selenium.support.pagefactory.internal.LocatingElementHandler.invoke(LocatingElementHandler.java:51)
	at jdk.proxy2/jdk.proxy2.$Proxy11.sendKeys(Unknown Source)
	at com.qa.pages.EnterInsuranceDataPage.enterInsurancedata(EnterInsuranceDataPage.java:70)
	at com.qa.testcases.EndToEndTest.insuranceCalculate(EndToEndTest.java:66)
... Removed 33 stack frames]]>
    </failure>
  </testcase> <!-- insuranceCalculate -->
  <testcase classname="com.qa.testcases.EndToEndTest" name="insuranceCalculate" time="2.663">
    <failure type="java.lang.IllegalArgumentException" message="Keys to send should be a not null CharSequence">
      <![CDATA[java.lang.IllegalArgumentException: Keys to send should be a not null CharSequence
	at org.openqa.selenium.remote.RemoteWebElement.sendKeys(RemoteWebElement.java:97)
	at org.openqa.selenium.support.pagefactory.internal.LocatingElementHandler.invoke(LocatingElementHandler.java:51)
	at jdk.proxy2/jdk.proxy2.$Proxy11.sendKeys(Unknown Source)
	at com.qa.pages.EnterInsuranceDataPage.enterInsurancedata(EnterInsuranceDataPage.java:70)
	at com.qa.testcases.EndToEndTest.insuranceCalculate(EndToEndTest.java:66)
... Removed 32 stack frames]]>
    </failure>
  </testcase> <!-- insuranceCalculate -->
  <testcase classname="com.qa.testcases.EndToEndTest" name="insuranceCalculate" time="2.754">
    <failure type="java.lang.IllegalArgumentException" message="Keys to send should be a not null CharSequence">
      <![CDATA[java.lang.IllegalArgumentException: Keys to send should be a not null CharSequence
	at org.openqa.selenium.remote.RemoteWebElement.sendKeys(RemoteWebElement.java:97)
	at org.openqa.selenium.support.pagefactory.internal.LocatingElementHandler.invoke(LocatingElementHandler.java:51)
	at jdk.proxy2/jdk.proxy2.$Proxy11.sendKeys(Unknown Source)
	at com.qa.pages.EnterInsuranceDataPage.enterInsurancedata(EnterInsuranceDataPage.java:70)
	at com.qa.testcases.EndToEndTest.insuranceCalculate(EndToEndTest.java:66)
... Removed 32 stack frames]]>
    </failure>
  </testcase> <!-- insuranceCalculate -->
</testsuite> <!-- Home Page Test -->
